# JRE version: OpenJDK Runtime Environment Temurin-21.0.3+9 (21.0.3+9) (build 21.0.3+9-LTS)
# Java VM: OpenJDK 64-Bit Server VM Temurin-21.0.3+9 (21.0.3+9-LTS, mixed mode, tiered, compressed oops, compressed class ptrs, g1 gc, windows-amd64)
GC Precious Log:
 CardTable entry size: 512
 Card Set container configuration: InlinePtr #cards 4 size 8 Array Of Cards #cards 64 size 144 Howl #buckets 8 coarsen threshold 14745 Howl Bitmap #cards 2048 size 272 coarsen threshold 1843 Card regions per heap region 1 cards per card region 16384
 CPUs: 28 total, 28 available
 Memory: 65240M
 Large Page Support: Disabled
 NUMA Support: Disabled
 Compressed Oops: Enabled (Zero based)
 Heap Region Size: 8M
 Heap Min Capacity: 8M
 Heap Initial Capacity: 1G
 Heap Max Capacity: 16312M
 Pre-touch: Disabled
 Parallel Workers: 20
 Concurrent Workers: 5
 Concurrent Refinement Workers: 20
 Periodic GC: Disabled
Heap:
 garbage-first heap   total 1564672K, used 308402K [0x0000000404800000, 0x0000000800000000)
  region size 8192K, 18 young (147456K), 4 survivors (32768K)
 Metaspace       used 94483K, committed 95616K, reserved 1179648K
  class space    used 10369K, committed 10880K, reserved 1048576K
GC Heap History (20 events):
Event: 7.674 GC heap before
{Heap before GC invocations=33 (full 0):
 garbage-first heap   total 860160K, used 662126K [0x0000000404800000, 0x0000000800000000)
  region size 8192K, 63 young (516096K), 4 survivors (32768K)
 Metaspace       used 91056K, committed 92160K, reserved 1179648K
  class space    used 10058K, committed 10560K, reserved 1048576K
}
Event: 7.678 GC heap after
{Heap after GC invocations=34 (full 0):
 garbage-first heap   total 860160K, used 179540K [0x0000000404800000, 0x0000000800000000)
  region size 8192K, 4 young (32768K), 4 survivors (32768K)
 Metaspace       used 91056K, committed 92160K, reserved 1179648K
  class space    used 10058K, committed 10560K, reserved 1048576K
}
Event: 7.789 GC heap before
{Heap before GC invocations=34 (full 0):
 garbage-first heap   total 860160K, used 662868K [0x0000000404800000, 0x0000000800000000)
  region size 8192K, 63 young (516096K), 4 survivors (32768K)
 Metaspace       used 91092K, committed 92160K, reserved 1179648K
  class space    used 10058K, committed 10560K, reserved 1048576K
}
Event: 7.793 GC heap after
{Heap after GC invocations=35 (full 0):
 garbage-first heap   total 860160K, used 181816K [0x0000000404800000, 0x0000000800000000)
  region size 8192K, 4 young (32768K), 4 survivors (32768K)
 Metaspace       used 91092K, committed 92160K, reserved 1179648K
  class space    used 10058K, committed 10560K, reserved 1048576K
}
Event: 7.879 GC heap before
{Heap before GC invocations=35 (full 0):
 garbage-first heap   total 860160K, used 665144K [0x0000000404800000, 0x0000000800000000)
  region size 8192K, 63 young (516096K), 4 survivors (32768K)
 Metaspace       used 91106K, committed 92160K, reserved 1179648K
  class space    used 10058K, committed 10560K, reserved 1048576K
}
Event: 7.883 GC heap after
{Heap after GC invocations=36 (full 0):
 garbage-first heap   total 1228800K, used 180464K [0x0000000404800000, 0x0000000800000000)
  region size 8192K, 4 young (32768K), 4 survivors (32768K)
 Metaspace       used 91106K, committed 92160K, reserved 1179648K
  class space    used 10058K, committed 10560K, reserved 1048576K
}
Event: 8.171 GC heap before
{Heap before GC invocations=36 (full 0):
 garbage-first heap   total 1228800K, used 884976K [0x0000000404800000, 0x0000000800000000)
  region size 8192K, 90 young (737280K), 4 survivors (32768K)
 Metaspace       used 91580K, committed 92672K, reserved 1179648K
  class space    used 10094K, committed 10624K, reserved 1048576K
}
Event: 8.177 GC heap after
{Heap after GC invocations=37 (full 0):
 garbage-first heap   total 1228800K, used 186031K [0x0000000404800000, 0x0000000800000000)
  region size 8192K, 4 young (32768K), 4 survivors (32768K)
 Metaspace       used 91580K, committed 92672K, reserved 1179648K
  class space    used 10094K, committed 10624K, reserved 1048576K
}
Event: 8.325 GC heap before
{Heap before GC invocations=37 (full 0):
 garbage-first heap   total 1228800K, used 890543K [0x0000000404800000, 0x0000000800000000)
  region size 8192K, 90 young (737280K), 4 survivors (32768K)
 Metaspace       used 91582K, committed 92672K, reserved 1179648K
  class space    used 10094K, committed 10624K, reserved 1048576K
}
Event: 8.329 GC heap after
{Heap after GC invocations=38 (full 0):
 garbage-first heap   total 1228800K, used 187292K [0x0000000404800000, 0x0000000800000000)
  region size 8192K, 4 young (32768K), 4 survivors (32768K)
 Metaspace       used 91582K, committed 92672K, reserved 1179648K
  class space    used 10094K, committed 10624K, reserved 1048576K
}
Event: 8.444 GC heap before
{Heap before GC invocations=38 (full 0):
 garbage-first heap   total 1228800K, used 891804K [0x0000000404800000, 0x0000000800000000)
  region size 8192K, 90 young (737280K), 4 survivors (32768K)
 Metaspace       used 91734K, committed 92864K, reserved 1179648K
  class space    used 10096K, committed 10624K, reserved 1048576K
}
Event: 8.449 GC heap after
{Heap after GC invocations=39 (full 0):
 garbage-first heap   total 1228800K, used 188142K [0x0000000404800000, 0x0000000800000000)
  region size 8192K, 4 young (32768K), 4 survivors (32768K)
 Metaspace       used 91734K, committed 92864K, reserved 1179648K
  class space    used 10096K, committed 10624K, reserved 1048576K
}
Event: 9.277 GC heap before
{Heap before GC invocations=39 (full 0):
 garbage-first heap   total 1228800K, used 892654K [0x0000000404800000, 0x0000000800000000)
  region size 8192K, 90 young (737280K), 4 survivors (32768K)
 Metaspace       used 93300K, committed 94400K, reserved 1179648K
  class space    used 10249K, committed 10752K, reserved 1048576K
}
Event: 9.285 GC heap after
{Heap after GC invocations=40 (full 0):
 garbage-first heap   total 1564672K, used 201299K [0x0000000404800000, 0x0000000800000000)
  region size 8192K, 5 young (40960K), 5 survivors (40960K)
 Metaspace       used 93300K, committed 94400K, reserved 1179648K
  class space    used 10249K, committed 10752K, reserved 1048576K
}
Event: 9.353 GC heap before
{Heap before GC invocations=40 (full 0):
 garbage-first heap   total 1564672K, used 1094227K [0x0000000404800000, 0x0000000800000000)
  region size 8192K, 114 young (933888K), 5 survivors (40960K)
 Metaspace       used 93327K, committed 94400K, reserved 1179648K
  class space    used 10249K, committed 10752K, reserved 1048576K
}
Event: 9.358 GC heap after
{Heap after GC invocations=41 (full 0):
 garbage-first heap   total 1564672K, used 201522K [0x0000000404800000, 0x0000000800000000)
  region size 8192K, 5 young (40960K), 5 survivors (40960K)
 Metaspace       used 93327K, committed 94400K, reserved 1179648K
  class space    used 10249K, committed 10752K, reserved 1048576K
}
Event: 9.418 GC heap before
{Heap before GC invocations=41 (full 0):
 garbage-first heap   total 1564672K, used 1094450K [0x0000000404800000, 0x0000000800000000)
  region size 8192K, 114 young (933888K), 5 survivors (40960K)
 Metaspace       used 93328K, committed 94400K, reserved 1179648K
  class space    used 10249K, committed 10752K, reserved 1048576K
}
Event: 9.424 GC heap after
{Heap after GC invocations=42 (full 0):
 garbage-first heap   total 1564672K, used 202085K [0x0000000404800000, 0x0000000800000000)
  region size 8192K, 5 young (40960K), 5 survivors (40960K)
 Metaspace       used 93328K, committed 94400K, reserved 1179648K
  class space    used 10249K, committed 10752K, reserved 1048576K
}
Event: 9.464 GC heap before
{Heap before GC invocations=42 (full 0):
 garbage-first heap   total 1564672K, used 1095013K [0x0000000404800000, 0x0000000800000000)
  region size 8192K, 114 young (933888K), 5 survivors (40960K)
 Metaspace       used 93332K, committed 94400K, reserved 1179648K
  class space    used 10249K, committed 10752K, reserved 1048576K
}
Event: 9.469 GC heap after
{Heap after GC invocations=43 (full 0):
 garbage-first heap   total 1564672K, used 201906K [0x0000000404800000, 0x0000000800000000)
  region size 8192K, 4 young (32768K), 4 survivors (32768K)
 Metaspace       used 93332K, committed 94400K, reserved 1179648K
  class space    used 10249K, committed 10752K, reserved 1048576K
}

